11/11/2017 10:06:02	This log contains information about the import schema operation into project 'BancoDeDadosApresentacao' on computer 'ARTHUR' by user 'Arthur'.
11/11/2017 10:06:02	Import of database schema has started.
11/11/2017 10:06:03	Gathering database credentials
11/11/2017 10:06:03	Gathering database options
11/11/2017 10:06:03	Gathering generic database scoped configuration option
11/11/2017 10:06:03	Gathering users
11/11/2017 10:06:03	Gathering roles
11/11/2017 10:06:03	Gathering application roles
11/11/2017 10:06:03	Gathering role memberships
11/11/2017 10:06:03	Gathering filegroups
11/11/2017 10:06:03	Gathering full-text catalogs
11/11/2017 10:06:03	Gathering assemblies
11/11/2017 10:06:03	Gathering certificates
11/11/2017 10:06:03	Gathering asymmetric keys
11/11/2017 10:06:03	Gathering symmetric keys
11/11/2017 10:06:03	Gathering encrypted symmetric keys
11/11/2017 10:06:03	Gathering schemas
11/11/2017 10:06:03	Gathering XML schema collections
11/11/2017 10:06:03	Gathering user-defined data types
11/11/2017 10:06:03	Gathering user-defined types
11/11/2017 10:06:03	Gathering table types
11/11/2017 10:06:03	Gathering unique keys for table types
11/11/2017 10:06:03	Gathering primary keys for table types
11/11/2017 10:06:03	Gathering indexes for table types
11/11/2017 10:06:03	Gathering check constraints for table types
11/11/2017 10:06:03	Gathering default constraints for table types
11/11/2017 10:06:03	Gathering partition functions
11/11/2017 10:06:03	Gathering partition schemes
11/11/2017 10:06:03	Gathering functions
11/11/2017 10:06:03	Gathering encrypted functions
11/11/2017 10:06:03	Gathering aggregates
11/11/2017 10:06:03	Gathering procedures
11/11/2017 10:06:03	Gathering encrypted procedures
11/11/2017 10:06:03	Gathering tables
11/11/2017 10:06:03	Gathering primary keys
11/11/2017 10:06:03	Gathering unique constraints
11/11/2017 10:06:03	Gathering foreign keys
11/11/2017 10:06:03	Gathering default constraints
11/11/2017 10:06:03	Gathering check constraints
11/11/2017 10:06:03	Gathering views
11/11/2017 10:06:03	Gathering encrypted views
11/11/2017 10:06:03	Gathering indexes
11/11/2017 10:06:03	Gathering statistics
11/11/2017 10:06:03	Gathering full-text index stoplists
11/11/2017 10:06:03	Gathering search property lists
11/11/2017 10:06:03	Gathering search properties
11/11/2017 10:06:03	Gathering full-text indexes
11/11/2017 10:06:03	Gathering column store indexes
11/11/2017 10:06:03	Gathering spatial indexes
11/11/2017 10:06:03	Gathering XML indexes
11/11/2017 10:06:03	Gathering Selective XML indexes
11/11/2017 10:06:03	Gathering encrypted triggers
11/11/2017 10:06:03	Gathering triggers
11/11/2017 10:06:03	Gathering encrypted and clr ddl triggers
11/11/2017 10:06:03	Gathering ddl triggers
11/11/2017 10:06:03	Gathering synonyms
11/11/2017 10:06:03	Gathering defaults
11/11/2017 10:06:03	Gathering data constraint uddt bindings
11/11/2017 10:06:03	Gathering rules
11/11/2017 10:06:03	Gathering data constraint uddt bindings
11/11/2017 10:06:03	Gathering message types
11/11/2017 10:06:03	Gathering queues
11/11/2017 10:06:03	Gathering contracts
11/11/2017 10:06:03	Gathering services
11/11/2017 10:06:03	Gathering event notifications
11/11/2017 10:06:03	Gathering remote service bindings
11/11/2017 10:06:03	Gathering broker priorities
11/11/2017 10:06:03	Gathering signatures
11/11/2017 10:06:03	Gathering data compression options
11/11/2017 10:06:03	Gathering sequence types
11/11/2017 10:06:03	Gathering security policies
11/11/2017 10:06:03	Gather column encryption keys
11/11/2017 10:06:03	Gathering column master keys
11/11/2017 10:06:03	Gathering external data sources
11/11/2017 10:06:03	Gathering external file formats
11/11/2017 10:06:03	Gathering external tables
11/11/2017 10:06:03	Gathering extended properties
11/11/2017 10:06:03	Gathering credentials
11/11/2017 10:06:03	Gathering logins
11/11/2017 10:06:03	Gathering server audits
11/11/2017 10:06:03	Scanning project for duplicate elements
11/11/2017 10:06:03	Finished duplicate element processing
11/11/2017 10:06:03	Finished importing database.
11/11/2017 10:06:03	A summary of the import was saved to the following location: C:\Users\Arthur\Source\Repos\apresentacao11-11\BancoDeDadosApresentacao\Import Schema Logs\BancoDeDadosApresent_20171111120602.log
11/11/2017 10:06:03	Click Finish to continue...
